<?xml version="1.0" encoding="UTF-8"?>
<testng-results skipped="0" failed="0" ignored="0" total="1" passed="1">
  <reporter-output>
  </reporter-output>
  <suite name="Default suite" duration-ms="36806" started-at="2020-03-07T11:00:42Z" finished-at="2020-03-07T11:01:19Z">
    <groups>
    </groups>
    <test name="Default test" duration-ms="36806" started-at="2020-03-07T11:00:42Z" finished-at="2020-03-07T11:01:19Z">
      <class name="org.maven.kyd.frameowrk.test.LoginTest">
        <test-method status="PASS" signature="loginTestScenario()[pri:0, instance:org.maven.kyd.frameowrk.test.LoginTest@4678c730]" name="loginTestScenario" duration-ms="36756" started-at="2020-03-07T11:00:42Z" finished-at="2020-03-07T11:01:19Z">
          <reporter-output>
          </reporter-output>
        </test-method> <!-- loginTestScenario -->
      </class> <!-- org.maven.kyd.frameowrk.test.LoginTest -->
    </test> <!-- Default test -->
  </suite> <!-- Default suite -->
</testng-results>
